Flow report for ProcessorProject
Tue Mar  3 11:43:29 2020
Quartus Prime Version 18.1.0 Build 625 09/12/2018 SJ Lite Edition


---------------------
; Table of Contents ;
---------------------
  1. Legal Notice
  2. Flow Summary
  3. Flow Settings
  4. Flow Non-Default Global Settings
  5. Flow Elapsed Time
  6. Flow OS Summary
  7. Flow Log
  8. Flow Messages
  9. Flow Suppressed Messages



----------------
; Legal Notice ;
----------------
Copyright (C) 2018  Intel Corporation. All rights reserved.
Your use of Intel Corporation's design tools, logic functions 
and other software and tools, and its AMPP partner logic 
functions, and any output files from any of the foregoing 
(including device programming or simulation files), and any 
associated documentation or information are expressly subject 
to the terms and conditions of the Intel Program License 
Subscription Agreement, the Intel Quartus Prime License Agreement,
the Intel FPGA IP License Agreement, or other applicable license
agreement, including, without limitation, that your use is for
the sole purpose of programming logic devices manufactured by
Intel and sold by Intel or its authorized distributors.  Please
refer to the applicable agreement for further details.



+-------------------------------------------------------------------------------+
; Flow Summary                                                                  ;
+---------------------------------+---------------------------------------------+
; Flow Status                     ; Successful - Tue Mar  3 11:43:29 2020       ;
; Quartus Prime Version           ; 18.1.0 Build 625 09/12/2018 SJ Lite Edition ;
; Revision Name                   ; ProcessorProject                            ;
; Top-level Entity Name           ; Test_FSM                                    ;
; Family                          ; Cyclone V                                   ;
; Device                          ; 5CSEMA5F31C6                                ;
; Timing Models                   ; Final                                       ;
; Logic utilization (in ALMs)     ; 3 / 32,070 ( < 1 % )                        ;
; Total registers                 ; 4                                           ;
; Total pins                      ; 9 / 457 ( 2 % )                             ;
; Total virtual pins              ; 0                                           ;
; Total block memory bits         ; 0 / 4,065,280 ( 0 % )                       ;
; Total DSP Blocks                ; 0 / 87 ( 0 % )                              ;
; Total HSSI RX PCSs              ; 0                                           ;
; Total HSSI PMA RX Deserializers ; 0                                           ;
; Total HSSI TX PCSs              ; 0                                           ;
; Total HSSI PMA TX Serializers   ; 0                                           ;
; Total PLLs                      ; 0 / 6 ( 0 % )                               ;
; Total DLLs                      ; 0 / 4 ( 0 % )                               ;
+---------------------------------+---------------------------------------------+


+-----------------------------------------+
; Flow Settings                           ;
+-------------------+---------------------+
; Option            ; Setting             ;
+-------------------+---------------------+
; Start date & time ; 03/03/2020 11:42:35 ;
; Main task         ; Compilation         ;
; Revision Name     ; ProcessorProject    ;
+-------------------+---------------------+


+--------------------------------------------------------------------------------------------------------------------------------+
; Flow Non-Default Global Settings                                                                                               ;
+-------------------------------------+----------------------------------------+------------------+-------------+----------------+
; Assignment Name                     ; Value                                  ; Default Value    ; Entity Name ; Section Id     ;
+-------------------------------------+----------------------------------------+------------------+-------------+----------------+
; COMPILER_SIGNATURE_ID               ; 215977250863840.158323215414381        ; --               ; --          ; --             ;
; EDA_OUTPUT_DATA_FORMAT              ; Verilog Hdl                            ; --               ; --          ; eda_simulation ;
; EDA_SIMULATION_TOOL                 ; ModelSim-Altera (Verilog)              ; <None>           ; --          ; --             ;
; EDA_TIME_SCALE                      ; 1 ps                                   ; --               ; --          ; eda_simulation ;
; MAX_CORE_JUNCTION_TEMP              ; 85                                     ; --               ; --          ; --             ;
; MIN_CORE_JUNCTION_TEMP              ; 0                                      ; --               ; --          ; --             ;
; MISC_FILE                           ; Compteur.bsf                           ; --               ; --          ; --             ;
; MISC_FILE                           ; Compteur_inst.vhd                      ; --               ; --          ; --             ;
; MISC_FILE                           ; Compteur.inc                           ; --               ; --          ; --             ;
; MISC_FILE                           ; Compteur.cmp                           ; --               ; --          ; --             ;
; PARTITION_COLOR                     ; -- (Not supported for targeted family) ; --               ; Test_FSM    ; Top            ;
; PARTITION_FITTER_PRESERVATION_LEVEL ; -- (Not supported for targeted family) ; --               ; Test_FSM    ; Top            ;
; PARTITION_NETLIST_TYPE              ; -- (Not supported for targeted family) ; --               ; Test_FSM    ; Top            ;
; POWER_BOARD_THERMAL_MODEL           ; None (CONSERVATIVE)                    ; --               ; --          ; --             ;
; POWER_PRESET_COOLING_SOLUTION       ; 23 MM HEAT SINK WITH 200 LFPM AIRFLOW  ; --               ; --          ; --             ;
; PROJECT_OUTPUT_DIRECTORY            ; output_files                           ; --               ; --          ; --             ;
; STATE_MACHINE_PROCESSING            ; User-Encoded                           ; Auto             ; --          ; --             ;
; TOP_LEVEL_ENTITY                    ; Test_FSM                               ; ProcessorProject ; --          ; --             ;
+-------------------------------------+----------------------------------------+------------------+-------------+----------------+


+--------------------------------------------------------------------------------------------------------------------------+
; Flow Elapsed Time                                                                                                        ;
+----------------------+--------------+-------------------------+---------------------+------------------------------------+
; Module Name          ; Elapsed Time ; Average Processors Used ; Peak Virtual Memory ; Total CPU Time (on all processors) ;
+----------------------+--------------+-------------------------+---------------------+------------------------------------+
; Analysis & Synthesis ; 00:00:10     ; 1.0                     ; 1025 MB             ; 00:00:22                           ;
; Fitter               ; 00:00:30     ; 1.0                     ; 2412 MB             ; 00:00:48                           ;
; Assembler            ; 00:00:06     ; 1.0                     ; 968 MB              ; 00:00:06                           ;
; Timing Analyzer      ; 00:00:04     ; 1.0                     ; 1211 MB             ; 00:00:04                           ;
; EDA Netlist Writer   ; 00:00:01     ; 1.0                     ; 1139 MB             ; 00:00:01                           ;
; Total                ; 00:00:51     ; --                      ; --                  ; 00:01:21                           ;
+----------------------+--------------+-------------------------+---------------------+------------------------------------+


+-------------------------------------------------------------------------------------------+
; Flow OS Summary                                                                           ;
+----------------------+---------------------+----------------+------------+----------------+
; Module Name          ; Machine Hostname    ; OS Name        ; OS Version ; Processor type ;
+----------------------+---------------------+----------------+------------+----------------+
; Analysis & Synthesis ; embed-OptiPlex-9020 ; Ubuntu 12.04.1 ; 12         ; x86_64         ;
; Fitter               ; embed-OptiPlex-9020 ; Ubuntu 12.04.1 ; 12         ; x86_64         ;
; Assembler            ; embed-OptiPlex-9020 ; Ubuntu 12.04.1 ; 12         ; x86_64         ;
; Timing Analyzer      ; embed-OptiPlex-9020 ; Ubuntu 12.04.1 ; 12         ; x86_64         ;
; EDA Netlist Writer   ; embed-OptiPlex-9020 ; Ubuntu 12.04.1 ; 12         ; x86_64         ;
+----------------------+---------------------+----------------+------------+----------------+


------------
; Flow Log ;
------------
quartus_map --read_settings_files=on --write_settings_files=off ProcessorProject -c ProcessorProject
quartus_fit --read_settings_files=off --write_settings_files=off ProcessorProject -c ProcessorProject
quartus_asm --read_settings_files=off --write_settings_files=off ProcessorProject -c ProcessorProject
quartus_sta ProcessorProject -c ProcessorProject
quartus_eda --read_settings_files=off --write_settings_files=off ProcessorProject -c ProcessorProject



